2026-01-09 09:48:26,168 - INFO - Moving d.zip → Archives/
2026-01-09 09:48:26,168 - INFO - Moving c.mp3 → Music/
2026-01-09 09:48:26,168 - INFO - Moving b.jpg → Images/
2026-01-09 09:48:26,169 - INFO - Moving e.xyz → Other/
2026-01-09 09:48:26,169 - INFO - Moving a.pdf → Documents/
2026-01-11 13:09:34,433 - INFO - [DRY-RUN] 'song1.mp3' -> 'Others/'
2026-01-11 13:09:34,435 - INFO - [DRY-RUN] 'video1.mp4' -> 'Others/'
2026-01-11 13:09:34,435 - INFO - [DRY-RUN] 'unknown.xyz' -> 'Others/'
2026-01-11 13:09:34,435 - INFO - [DRY-RUN] 'documents1.pdf' -> 'Documents/'
2026-01-11 13:09:34,435 - INFO - [DRY-RUN] 'photo1.jpg' -> 'Images/'
2026-01-11 13:29:20,044 - INFO - [DRY-RUN] 'song1.mp3' -> 'Audio/'
2026-01-11 13:29:20,045 - INFO - [DRY-RUN] 'video2.mov' -> 'Videos/'
2026-01-11 13:29:20,045 - INFO - [DRY-RUN] 'font1.ttf' -> 'Fonts/'
2026-01-11 13:29:20,045 - INFO - [DRY-RUN] 'video1.mp4' -> 'Videos/'
2026-01-11 13:29:20,046 - INFO - [DRY-RUN] 'unknown.xyz' -> 'Others/'
2026-01-11 13:29:20,046 - INFO - [DRY-RUN] 'ebook1.epub' -> 'Ebooks/'
2026-01-11 13:29:20,046 - INFO - [DRY-RUN] 'song2.wav' -> 'Audio/'
2026-01-11 13:29:20,046 - INFO - [DRY-RUN] 'documents1.pdf' -> 'Documents/'
2026-01-11 13:29:20,046 - INFO - [DRY-RUN] 'photo2.png' -> 'Images/'
2026-01-11 13:29:20,046 - INFO - [DRY-RUN] 'documents2.xlsx' -> 'Documents/'
2026-01-11 13:29:20,046 - INFO - [DRY-RUN] 'photo1.jpg' -> 'Images/'
2026-01-11 21:04:40,552 - INFO - [DRY-RUN] 'song1.mp3' -> 'Audio/'
2026-01-11 21:04:40,554 - INFO - [DRY-RUN] 'video2.mov' -> 'Videos/'
2026-01-11 21:04:40,554 - INFO - [DRY-RUN] 'font1.ttf' -> 'Fonts/'
2026-01-11 21:04:40,554 - INFO - [DRY-RUN] 'video1.mp4' -> 'Videos/'
2026-01-11 21:04:40,554 - INFO - [DRY-RUN] 'unknown.xyz' -> 'Others/'
2026-01-11 21:04:40,554 - INFO - [DRY-RUN] 'ebook1.epub' -> 'Ebooks/'
2026-01-11 21:04:40,554 - INFO - [DRY-RUN] 'song2.wav' -> 'Audio/'
2026-01-11 21:04:40,555 - INFO - [DRY-RUN] 'documents1.pdf' -> 'Documents/'
2026-01-11 21:04:40,555 - INFO - [DRY-RUN] 'photo2.png' -> 'Images/'
2026-01-11 21:04:40,555 - INFO - [DRY-RUN] 'documents2.xlsx' -> 'Documents/'
2026-01-11 21:04:40,555 - INFO - [DRY-RUN] 'photo1.jpg' -> 'Images/'
2026-01-11 21:05:38,142 - INFO - Moved 'song1.mp3' to 'Audio/'
2026-01-11 21:05:38,143 - INFO - Moved 'video2.mov' to 'Videos/'
2026-01-11 21:05:38,144 - INFO - Moved 'font1.ttf' to 'Fonts/'
2026-01-11 21:05:38,144 - INFO - Moved 'video1.mp4' to 'Videos/'
2026-01-11 21:05:38,144 - INFO - Moved 'unknown.xyz' to 'Others/'
2026-01-11 21:05:38,145 - INFO - Moved 'ebook1.epub' to 'Ebooks/'
2026-01-11 21:05:38,145 - INFO - Moved 'song2.wav' to 'Audio/'
2026-01-11 21:05:38,145 - INFO - Moved 'documents1.pdf' to 'Documents/'
2026-01-11 21:05:38,145 - INFO - Moved 'photo2.png' to 'Images/'
2026-01-11 21:05:38,146 - INFO - Moved 'documents2.xlsx' to 'Documents/'
2026-01-11 21:05:38,146 - INFO - Moved 'photo1.jpg' to 'Images/'
2026-01-12 10:32:14,531 - INFO - [DRY-RUN] 'song1.mp3' -> 'Audio/song1.mp3'
2026-01-12 10:32:14,533 - INFO - [DRY-RUN] 'document2.docx' -> 'Documents/document2.docx'
2026-01-12 10:32:14,533 - INFO - [DRY-RUN] 'font1.ttf' -> 'Fonts/font1.ttf'
2026-01-12 10:32:14,533 - INFO - [DRY-RUN] 'video1.mp4' -> 'Videos/video1.mp4'
2026-01-12 10:32:14,533 - INFO - [DRY-RUN] 'unknown.xyz' -> 'Others/unknown.xyz'
2026-01-12 10:32:14,534 - INFO - [DRY-RUN] 'document1.pdf' -> 'Documents/document1.pdf'
2026-01-12 10:32:14,534 - INFO - [DRY-RUN] 'book1.epub' -> 'Ebooks/book1.epub'
2026-01-12 10:32:14,534 - INFO - [DRY-RUN] 'photo2.png' -> 'Images/photo2.png'
2026-01-12 10:32:14,534 - INFO - [DRY-RUN] 'report.pdf' -> 'Documents/report.pdf'
2026-01-12 10:32:14,534 - INFO - [DRY-RUN] 'photo1.jpg' -> 'Images/photo1.jpg'
2026-01-12 10:33:16,500 - INFO - Moved 'song1.mp3' to 'Audio/song1.mp3'
2026-01-12 10:33:16,501 - INFO - Moved 'document2.docx' to 'Documents/document2.docx'
2026-01-12 10:33:16,501 - INFO - Moved 'font1.ttf' to 'Fonts/font1.ttf'
2026-01-12 10:33:16,501 - INFO - Moved 'video1.mp4' to 'Videos/video1.mp4'
2026-01-12 10:33:16,501 - INFO - Moved 'unknown.xyz' to 'Others/unknown.xyz'
2026-01-12 10:33:16,502 - INFO - Moved 'document1.pdf' to 'Documents/document1.pdf'
2026-01-12 10:33:16,502 - INFO - Moved 'book1.epub' to 'Ebooks/book1.epub'
2026-01-12 10:33:16,502 - INFO - Moved 'photo2.png' to 'Images/photo2.png'
2026-01-12 10:33:16,502 - INFO - Moved 'report.pdf' to 'Documents/report.pdf'
2026-01-12 10:33:16,503 - INFO - Moved 'photo1.jpg' to 'Images/photo1.jpg'
2026-01-12 11:07:13,759 - INFO - [DRY-RUN] 'test_folder/a/report.pdf' -> 'Documents/report.pdf'
2026-01-12 11:07:13,760 - INFO - [DRY-RUN] 'test_folder/b/report.pdf' -> 'Documents/report.pdf'
2026-01-12 11:23:06,269 - INFO - [DRY-RUN] 'test_folder/a/photo.jpg' -> 'Images/photo.jpg'
2026-01-12 11:23:06,271 - INFO - [DRY-RUN] 'test_folder/a/report.pdf' -> 'Documents/report.pdf'
2026-01-12 11:23:06,271 - INFO - [DRY-RUN] 'test_folder/b/photo.jpg' -> 'Images/photo.jpg'
2026-01-12 11:23:06,271 - INFO - [DRY-RUN] 'test_folder/b/report.pdf' -> 'Documents/report.pdf'
2026-01-12 11:31:09,986 - INFO - [DRY-RUN] 'test_folder/a/photo.jpg' -> 'Images/photo.jpg'
2026-01-12 11:31:09,987 - INFO - [DRY-RUN] 'test_folder/a/report.pdf' -> 'Documents/report.pdf'
2026-01-12 11:31:09,988 - INFO - [DRY-RUN] 'test_folder/b/photo.jpg' -> 'Images/photo_1.jpg'
2026-01-12 11:31:09,988 - INFO - [DRY-RUN] 'test_folder/b/report.pdf' -> 'Documents/report_1.pdf'
